[debug] [2021-05-18T22:20:16.498Z] ----------------------------------------------------------------------
[debug] [2021-05-18T22:20:16.500Z] Command:       C:\Program Files\nodejs\node.exe C:\Program Files\nodejs\node_modules\firebase-tools\lib\bin\firebase.js emulators:start --only functions
[debug] [2021-05-18T22:20:16.501Z] CLI Version:   9.10.2
[debug] [2021-05-18T22:20:16.501Z] Platform:      win32
[debug] [2021-05-18T22:20:16.501Z] Node Version:  v14.17.0
[debug] [2021-05-18T22:20:16.502Z] Time:          Tue May 18 2021 16:20:16 GMT-0600 (Central Standard Time)
[debug] [2021-05-18T22:20:16.502Z] ----------------------------------------------------------------------
[debug] 
[debug] [2021-05-18T22:20:16.511Z] > command requires scopes: ["email","openid","https://www.googleapis.com/auth/cloudplatformprojects.readonly","https://www.googleapis.com/auth/firebase","https://www.googleapis.com/auth/cloud-platform"]
[debug] [2021-05-18T22:20:16.512Z] > authorizing via signed-in user (antonygiomarx@gmail.com)
[info] i  emulators: Starting emulators: functions {"metadata":{"emulator":{"name":"hub"},"message":"Starting emulators: functions"}}
[debug] [2021-05-18T22:20:16.556Z] [hub] writing locator at C:\Users\ANTONY~1\AppData\Local\Temp\hub-miventecita-6be84.json
[warn] !  functions: The following emulators are not running, calls to these services from the Functions emulator will affect production: auth, firestore, database, hosting, pubsub {"metadata":{"emulator":{"name":"functions"},"message":"The following emulators are not running, calls to these services from the Functions emulator will affect production: \u001b[1mauth, firestore, database, hosting, pubsub\u001b[22m"}}
[info] +  functions: Using node@14 from host. {"metadata":{"emulator":{"name":"functions"},"message":"Using node@14 from host."}}
[debug] [2021-05-18T22:20:16.591Z] defaultcredentials: writing to file C:\Users\antonygiomarxdev\AppData\Roaming\firebase\antonygiomarx_gmail_com_application_default_credentials.json
[debug] [2021-05-18T22:20:16.594Z] Setting GAC to C:\Users\antonygiomarxdev\AppData\Roaming\firebase\antonygiomarx_gmail_com_application_default_credentials.json {"metadata":{"emulator":{"name":"functions"},"message":"Setting GAC to C:\\Users\\antonygiomarxdev\\AppData\\Roaming\\firebase\\antonygiomarx_gmail_com_application_default_credentials.json"}}
[debug] [2021-05-18T22:20:16.600Z] >>> [apiv2][query] GET https://firebase.googleapis.com/v1beta1/projects/miventecita-6be84/adminSdkConfig [none]
[debug] [2021-05-18T22:20:16.906Z] <<< [apiv2][status] GET https://firebase.googleapis.com/v1beta1/projects/miventecita-6be84/adminSdkConfig 200
[debug] [2021-05-18T22:20:16.906Z] <<< [apiv2][body] GET https://firebase.googleapis.com/v1beta1/projects/miventecita-6be84/adminSdkConfig {"projectId":"miventecita-6be84","storageBucket":"miventecita-6be84.appspot.com","locationId":"us-central"}
[warn] !  ui: Emulator UI unable to start on port 4000, starting on 4001 instead. {"metadata":{"emulator":{"name":"ui"},"message":"Emulator UI unable to start on port 4000, starting on 4001 instead."}}
[debug] [2021-05-18T22:20:16.949Z] Ignoring unsupported arg: auto_download {"metadata":{"emulator":{"name":"ui"},"message":"Ignoring unsupported arg: auto_download"}}
[debug] [2021-05-18T22:20:16.950Z] Ignoring unsupported arg: port {"metadata":{"emulator":{"name":"ui"},"message":"Ignoring unsupported arg: port"}}
[debug] [2021-05-18T22:20:16.950Z] Starting Emulator UI with command {"binary":"node","args":["C:\\Users\\antonygiomarxdev\\.cache\\firebase\\emulators\\ui-v1.4.2\\server.bundle.js"],"optionalArgs":[],"joinArgs":false} {"metadata":{"emulator":{"name":"ui"},"message":"Starting Emulator UI with command {\"binary\":\"node\",\"args\":[\"C:\\\\Users\\\\antonygiomarxdev\\\\.cache\\\\firebase\\\\emulators\\\\ui-v1.4.2\\\\server.bundle.js\"],\"optionalArgs\":[],\"joinArgs\":false}"}}
[info] i  ui: Emulator UI logging to ui-debug.log {"metadata":{"emulator":{"name":"ui"},"message":"Emulator UI logging to \u001b[1mui-debug.log\u001b[22m"}}
[debug] [2021-05-18T22:20:17.126Z] Web / API server started at http://localhost:4001
 {"metadata":{"emulator":{"name":"ui"},"message":"Web / API server started at http://localhost:4001\n"}}
[info] i  functions: Watching "C:\Users\antonygiomarxdev\Projects\mi_ventecita\functions" for Cloud Functions... {"metadata":{"emulator":{"name":"functions"},"message":"Watching \"C:\\Users\\antonygiomarxdev\\Projects\\mi_ventecita\\functions\" for Cloud Functions..."}}
[debug] [2021-05-18T22:20:17.245Z] [worker-pool] addWorker(~diagnostic~) {"metadata":{"emulator":{"name":"functions"},"message":"[worker-pool] addWorker(~diagnostic~)"}}
[debug] [2021-05-18T22:20:17.245Z] [worker-pool] Adding worker with key ~diagnostic~, total=1 {"metadata":{"emulator":{"name":"functions"},"message":"[worker-pool] Adding worker with key ~diagnostic~, total=1"}}
[debug] [2021-05-18T22:20:17.245Z] [worker-pool] submitWork(triggerId=) {"metadata":{"emulator":{"name":"functions"},"message":"[worker-pool] submitWork(triggerId=)"}}
[debug] [2021-05-18T22:20:17.246Z] [worker-~diagnostic~-e3d823fc-22cb-4f8f-a231-46e36dc112d9]: Assigning socketPath: \\?\pipe\C:\Users\antonygiomarxdev\Projects\mi_ventecita\functions\4824 {"metadata":{"emulator":{"name":"functions"},"message":"[worker-~diagnostic~-e3d823fc-22cb-4f8f-a231-46e36dc112d9]: Assigning socketPath: \\\\?\\pipe\\C:\\Users\\antonygiomarxdev\\Projects\\mi_ventecita\\functions\\4824"}}
[debug] [2021-05-18T22:20:17.246Z] [worker-~diagnostic~-e3d823fc-22cb-4f8f-a231-46e36dc112d9]: BUSY {"metadata":{"emulator":{"name":"functions"},"message":"[worker-~diagnostic~-e3d823fc-22cb-4f8f-a231-46e36dc112d9]: BUSY"}}
